Arguments: 
  /home/mc/.nvm/versions/node/v8.11.2/bin/node /usr/share/yarn/bin/yarn.js add concurrently

PATH: 
  /home/mc/anaconda3/bin:/home/mc/.nvm/versions/node/v8.11.2/bin:/home/mc/projects/lighthouse/chatty/node_modules/.bin:/home/mc/bin:/home/mc/.local/bin:/usr/local/sbin:/usr/local/bin:/usr/sbin:/usr/bin:/sbin:/bin:/usr/games:/usr/local/games:/snap/bin:/home/mc/packages/depot_tools

Yarn version: 
  1.15.2

Node version: 
  8.11.2

Platform: 
  linux x64

Trace: 
  SyntaxError: /home/mc/projects/lighthouse/chatty/package.json: Unexpected end of JSON input
      at JSON.parse (<anonymous>)
      at /usr/share/yarn/lib/cli.js:1625:59
      at Generator.next (<anonymous>)
      at step (/usr/share/yarn/lib/cli.js:304:30)
      at /usr/share/yarn/lib/cli.js:315:13
      at <anonymous>

npm manifest: 
  

yarn manifest: 
  No manifest

Lockfile: 
  No lockfile
